{"/Users/oscargomez/Desktop/Proyect-stt-front/src/data/mockAchievements.js": {"path":"/Users/oscargomez/Desktop/Proyect-stt-front/src/data/mockAchievements.js","statementMap":{"0":{"start":{"line":1,"column":32},"end":{"line":132,"column":1}}},"fnMap":{},"branchMap":{},"s":{"0":2},"f":{},"b":{},"_coverageSchema":"1a1c01bbd47fc00a2c39e90264f33305004495a9","hash":"85b01dbc363f56c51918b9087a9e2979bf1d5212"}
,"/Users/oscargomez/Desktop/Proyect-stt-front/src/data/mockRoutes.js": {"path":"/Users/oscargomez/Desktop/Proyect-stt-front/src/data/mockRoutes.js","statementMap":{"0":{"start":{"line":1,"column":26},"end":{"line":60,"column":1}}},"fnMap":{},"branchMap":{},"s":{"0":2},"f":{},"b":{},"_coverageSchema":"1a1c01bbd47fc00a2c39e90264f33305004495a9","hash":"1b9c02791feb41cc2cf288b3f4f58c2ffb362e7d"}
,"/Users/oscargomez/Desktop/Proyect-stt-front/src/data/mockUsers.js": {"path":"/Users/oscargomez/Desktop/Proyect-stt-front/src/data/mockUsers.js","statementMap":{"0":{"start":{"line":1,"column":25},"end":{"line":39,"column":1}}},"fnMap":{},"branchMap":{},"s":{"0":2},"f":{},"b":{},"_coverageSchema":"1a1c01bbd47fc00a2c39e90264f33305004495a9","hash":"91dfa9a37b6300e1514da2b11b3134f6e5b45c74"}
,"/Users/oscargomez/Desktop/Proyect-stt-front/src/services/mockAPI.js": {"path":"/Users/oscargomez/Desktop/Proyect-stt-front/src/services/mockAPI.js","statementMap":{"0":{"start":{"line":29,"column":4},"end":{"line":29,"column":21}},"1":{"start":{"line":38,"column":4},"end":{"line":40,"column":6}},"2":{"start":{"line":39,"column":6},"end":{"line":39,"column":37}},"3":{"start":{"line":50,"column":4},"end":{"line":50,"column":32}},"4":{"start":{"line":52,"column":17},"end":{"line":52,"column":53}},"5":{"start":{"line":52,"column":37},"end":{"line":52,"column":52}},"6":{"start":{"line":53,"column":4},"end":{"line":55,"column":5}},"7":{"start":{"line":54,"column":6},"end":{"line":54,"column":50}},"8":{"start":{"line":57,"column":4},"end":{"line":57,"column":23}},"9":{"start":{"line":67,"column":4},"end":{"line":67,"column":32}},"10":{"start":{"line":70,"column":4},"end":{"line":76,"column":6}},"11":{"start":{"line":85,"column":4},"end":{"line":85,"column":32}},"12":{"start":{"line":87,"column":4},"end":{"line":87,"column":33}},"13":{"start":{"line":95,"column":4},"end":{"line":95,"column":32}},"14":{"start":{"line":97,"column":4},"end":{"line":97,"column":27}}},"fnMap":{"0":{"name":"(anonymous_0)","decl":{"start":{"line":28,"column":2},"end":{"line":28,"column":3}},"loc":{"start":{"line":28,"column":16},"end":{"line":30,"column":3}},"line":28},"1":{"name":"(anonymous_1)","decl":{"start":{"line":37,"column":2},"end":{"line":37,"column":3}},"loc":{"start":{"line":37,"column":19},"end":{"line":41,"column":3}},"line":37},"2":{"name":"(anonymous_2)","decl":{"start":{"line":38,"column":23},"end":{"line":38,"column":24}},"loc":{"start":{"line":39,"column":6},"end":{"line":39,"column":37}},"line":39},"3":{"name":"(anonymous_3)","decl":{"start":{"line":49,"column":2},"end":{"line":49,"column":3}},"loc":{"start":{"line":49,"column":28},"end":{"line":58,"column":3}},"line":49},"4":{"name":"(anonymous_4)","decl":{"start":{"line":52,"column":32},"end":{"line":52,"column":33}},"loc":{"start":{"line":52,"column":37},"end":{"line":52,"column":52}},"line":52},"5":{"name":"(anonymous_5)","decl":{"start":{"line":66,"column":2},"end":{"line":66,"column":3}},"loc":{"start":{"line":66,"column":41},"end":{"line":77,"column":3}},"line":66},"6":{"name":"(anonymous_6)","decl":{"start":{"line":84,"column":2},"end":{"line":84,"column":3}},"loc":{"start":{"line":84,"column":32},"end":{"line":88,"column":3}},"line":84},"7":{"name":"(anonymous_7)","decl":{"start":{"line":94,"column":2},"end":{"line":94,"column":3}},"loc":{"start":{"line":94,"column":25},"end":{"line":98,"column":3}},"line":94}},"branchMap":{"0":{"loc":{"start":{"line":53,"column":4},"end":{"line":55,"column":5}},"type":"if","locations":[{"start":{"line":53,"column":4},"end":{"line":55,"column":5}},{"start":{},"end":{}}],"line":53},"1":{"loc":{"start":{"line":73,"column":23},"end":{"line":73,"column":51}},"type":"binary-expr","locations":[{"start":{"line":73,"column":23},"end":{"line":73,"column":46}},{"start":{"line":73,"column":50},"end":{"line":73,"column":51}}],"line":73}},"s":{"0":2,"1":6,"2":6,"3":3,"4":3,"5":3,"6":3,"7":0,"8":3,"9":1,"10":1,"11":1,"12":1,"13":1,"14":1},"f":{"0":2,"1":6,"2":6,"3":3,"4":3,"5":1,"6":1,"7":1},"b":{"0":[0,3],"1":[1,0]},"_coverageSchema":"1a1c01bbd47fc00a2c39e90264f33305004495a9","hash":"7ed6c21abde6b76e6e22c9187f08b705b5c8bab8"}
,"/Users/oscargomez/Desktop/Proyect-stt-front/src/services/storageService.js": {"path":"/Users/oscargomez/Desktop/Proyect-stt-front/src/services/storageService.js","statementMap":{"0":{"start":{"line":3,"column":19},"end":{"line":3,"column":35}},"1":{"start":{"line":11,"column":4},"end":{"line":11,"column":33}},"2":{"start":{"line":21,"column":4},"end":{"line":28,"column":5}},"3":{"start":{"line":22,"column":22},"end":{"line":22,"column":43}},"4":{"start":{"line":23,"column":24},"end":{"line":23,"column":45}},"5":{"start":{"line":24,"column":6},"end":{"line":24,"column":53}},"6":{"start":{"line":26,"column":6},"end":{"line":26,"column":51}},"7":{"start":{"line":27,"column":6},"end":{"line":27,"column":18}},"8":{"start":{"line":37,"column":4},"end":{"line":44,"column":5}},"9":{"start":{"line":38,"column":22},"end":{"line":38,"column":43}},"10":{"start":{"line":39,"column":24},"end":{"line":39,"column":59}},"11":{"start":{"line":40,"column":6},"end":{"line":40,"column":62}},"12":{"start":{"line":42,"column":6},"end":{"line":42,"column":52}},"13":{"start":{"line":43,"column":6},"end":{"line":43,"column":18}},"14":{"start":{"line":53,"column":4},"end":{"line":59,"column":5}},"15":{"start":{"line":54,"column":22},"end":{"line":54,"column":43}},"16":{"start":{"line":55,"column":6},"end":{"line":55,"column":45}},"17":{"start":{"line":57,"column":6},"end":{"line":57,"column":53}},"18":{"start":{"line":58,"column":6},"end":{"line":58,"column":18}},"19":{"start":{"line":67,"column":4},"end":{"line":73,"column":5}},"20":{"start":{"line":68,"column":19},"end":{"line":68,"column":42}},"21":{"start":{"line":69,"column":6},"end":{"line":69,"column":43}},"22":{"start":{"line":71,"column":6},"end":{"line":71,"column":54}},"23":{"start":{"line":72,"column":6},"end":{"line":72,"column":18}},"24":{"start":{"line":81,"column":4},"end":{"line":87,"column":5}},"25":{"start":{"line":82,"column":22},"end":{"line":82,"column":53}},"26":{"start":{"line":83,"column":6},"end":{"line":83,"column":63}},"27":{"start":{"line":83,"column":35},"end":{"line":83,"column":61}},"28":{"start":{"line":85,"column":6},"end":{"line":85,"column":50}},"29":{"start":{"line":86,"column":6},"end":{"line":86,"column":16}}},"fnMap":{"0":{"name":"(anonymous_0)","decl":{"start":{"line":10,"column":2},"end":{"line":10,"column":3}},"loc":{"start":{"line":10,"column":19},"end":{"line":12,"column":3}},"line":10},"1":{"name":"(anonymous_1)","decl":{"start":{"line":20,"column":2},"end":{"line":20,"column":3}},"loc":{"start":{"line":20,"column":28},"end":{"line":29,"column":3}},"line":20},"2":{"name":"(anonymous_2)","decl":{"start":{"line":36,"column":2},"end":{"line":36,"column":3}},"loc":{"start":{"line":36,"column":21},"end":{"line":45,"column":3}},"line":36},"3":{"name":"(anonymous_3)","decl":{"start":{"line":52,"column":2},"end":{"line":52,"column":3}},"loc":{"start":{"line":52,"column":24},"end":{"line":60,"column":3}},"line":52},"4":{"name":"(anonymous_4)","decl":{"start":{"line":66,"column":2},"end":{"line":66,"column":3}},"loc":{"start":{"line":66,"column":16},"end":{"line":74,"column":3}},"line":66},"5":{"name":"(anonymous_5)","decl":{"start":{"line":80,"column":2},"end":{"line":80,"column":3}},"loc":{"start":{"line":80,"column":21},"end":{"line":88,"column":3}},"line":80},"6":{"name":"(anonymous_6)","decl":{"start":{"line":83,"column":28},"end":{"line":83,"column":29}},"loc":{"start":{"line":83,"column":35},"end":{"line":83,"column":61}},"line":83}},"branchMap":{"0":{"loc":{"start":{"line":40,"column":13},"end":{"line":40,"column":61}},"type":"cond-expr","locations":[{"start":{"line":40,"column":33},"end":{"line":40,"column":54}},{"start":{"line":40,"column":57},"end":{"line":40,"column":61}}],"line":40}},"s":{"0":2,"1":20,"2":9,"3":9,"4":9,"5":9,"6":0,"7":0,"8":9,"9":9,"10":9,"11":9,"12":0,"13":0,"14":2,"15":2,"16":2,"17":0,"18":0,"19":9,"20":9,"21":9,"22":0,"23":0,"24":10,"25":10,"26":10,"27":9,"28":0,"29":0},"f":{"0":20,"1":9,"2":9,"3":2,"4":9,"5":10,"6":9},"b":{"0":[4,5]},"_coverageSchema":"1a1c01bbd47fc00a2c39e90264f33305004495a9","hash":"293872d01c389da57e147903a68be9f76f42d213"}
,"/Users/oscargomez/Desktop/Proyect-stt-front/src/stores/gameStore.js": {"path":"/Users/oscargomez/Desktop/Proyect-stt-front/src/stores/gameStore.js","statementMap":{"0":{"start":{"line":5,"column":21},"end":{"line":10,"column":1}},"1":{"start":{"line":12,"column":28},"end":{"line":130,"column":3}},"2":{"start":{"line":12,"column":50},"end":{"line":130,"column":1}},"3":{"start":{"line":21,"column":33},"end":{"line":21,"column":38}},"4":{"start":{"line":23,"column":8},"end":{"line":23,"column":37}},"5":{"start":{"line":23,"column":30},"end":{"line":23,"column":37}},"6":{"start":{"line":25,"column":25},"end":{"line":25,"column":64}},"7":{"start":{"line":26,"column":33},"end":{"line":26,"column":71}},"8":{"start":{"line":28,"column":8},"end":{"line":39,"column":11}},"9":{"start":{"line":48,"column":24},"end":{"line":48,"column":58}},"10":{"start":{"line":49,"column":32},"end":{"line":49,"column":37}},"11":{"start":{"line":52,"column":8},"end":{"line":61,"column":9}},"12":{"start":{"line":53,"column":10},"end":{"line":53,"column":37}},"13":{"start":{"line":56,"column":31},"end":{"line":58,"column":16}},"14":{"start":{"line":59,"column":28},"end":{"line":59,"column":63}},"15":{"start":{"line":60,"column":10},"end":{"line":60,"column":41}},"16":{"start":{"line":63,"column":8},"end":{"line":76,"column":11}},"17":{"start":{"line":84,"column":25},"end":{"line":84,"column":30}},"18":{"start":{"line":86,"column":8},"end":{"line":86,"column":26}},"19":{"start":{"line":86,"column":19},"end":{"line":86,"column":26}},"20":{"start":{"line":88,"column":23},"end":{"line":88,"column":47}},"21":{"start":{"line":89,"column":25},"end":{"line":89,"column":47}},"22":{"start":{"line":91,"column":8},"end":{"line":97,"column":11}},"23":{"start":{"line":105,"column":33},"end":{"line":105,"column":38}},"24":{"start":{"line":107,"column":24},"end":{"line":111,"column":9}},"25":{"start":{"line":108,"column":10},"end":{"line":110,"column":15}},"26":{"start":{"line":113,"column":8},"end":{"line":113,"column":39}},"27":{"start":{"line":121,"column":8},"end":{"line":121,"column":32}},"28":{"start":{"line":128,"column":8},"end":{"line":128,"column":26}}},"fnMap":{"0":{"name":"(anonymous_0)","decl":{"start":{"line":12,"column":35},"end":{"line":12,"column":36}},"loc":{"start":{"line":12,"column":50},"end":{"line":130,"column":1}},"line":12},"1":{"name":"(anonymous_1)","decl":{"start":{"line":20,"column":20},"end":{"line":20,"column":21}},"loc":{"start":{"line":20,"column":35},"end":{"line":40,"column":7}},"line":20},"2":{"name":"(anonymous_2)","decl":{"start":{"line":47,"column":20},"end":{"line":47,"column":21}},"loc":{"start":{"line":47,"column":63},"end":{"line":77,"column":7}},"line":47},"3":{"name":"(anonymous_3)","decl":{"start":{"line":83,"column":21},"end":{"line":83,"column":22}},"loc":{"start":{"line":83,"column":33},"end":{"line":98,"column":7}},"line":83},"4":{"name":"(anonymous_4)","decl":{"start":{"line":104,"column":25},"end":{"line":104,"column":26}},"loc":{"start":{"line":104,"column":44},"end":{"line":114,"column":7}},"line":104},"5":{"name":"(anonymous_5)","decl":{"start":{"line":107,"column":41},"end":{"line":107,"column":42}},"loc":{"start":{"line":108,"column":10},"end":{"line":110,"column":15}},"line":108},"6":{"name":"(anonymous_6)","decl":{"start":{"line":120,"column":22},"end":{"line":120,"column":23}},"loc":{"start":{"line":120,"column":36},"end":{"line":122,"column":7}},"line":120},"7":{"name":"(anonymous_7)","decl":{"start":{"line":127,"column":18},"end":{"line":127,"column":19}},"loc":{"start":{"line":127,"column":24},"end":{"line":129,"column":7}},"line":127}},"branchMap":{"0":{"loc":{"start":{"line":23,"column":8},"end":{"line":23,"column":37}},"type":"if","locations":[{"start":{"line":23,"column":8},"end":{"line":23,"column":37}},{"start":{},"end":{}}],"line":23},"1":{"loc":{"start":{"line":23,"column":12},"end":{"line":23,"column":28}},"type":"binary-expr","locations":[{"start":{"line":23,"column":12},"end":{"line":23,"column":19}},{"start":{"line":23,"column":23},"end":{"line":23,"column":28}}],"line":23},"2":{"loc":{"start":{"line":25,"column":25},"end":{"line":25,"column":64}},"type":"cond-expr","locations":[{"start":{"line":25,"column":37},"end":{"line":25,"column":60}},{"start":{"line":25,"column":63},"end":{"line":25,"column":64}}],"line":25},"3":{"loc":{"start":{"line":47,"column":21},"end":{"line":47,"column":35}},"type":"default-arg","locations":[{"start":{"line":47,"column":30},"end":{"line":47,"column":35}}],"line":47},"4":{"loc":{"start":{"line":47,"column":37},"end":{"line":47,"column":58}},"type":"default-arg","locations":[{"start":{"line":47,"column":54},"end":{"line":47,"column":58}}],"line":47},"5":{"loc":{"start":{"line":52,"column":8},"end":{"line":61,"column":9}},"type":"if","locations":[{"start":{"line":52,"column":8},"end":{"line":61,"column":9}},{"start":{"line":54,"column":15},"end":{"line":61,"column":9}}],"line":52},"6":{"loc":{"start":{"line":52,"column":12},"end":{"line":52,"column":36}},"type":"binary-expr","locations":[{"start":{"line":52,"column":12},"end":{"line":52,"column":18}},{"start":{"line":52,"column":22},"end":{"line":52,"column":36}}],"line":52},"7":{"loc":{"start":{"line":56,"column":31},"end":{"line":58,"column":16}},"type":"cond-expr","locations":[{"start":{"line":57,"column":14},"end":{"line":57,"column":49}},{"start":{"line":58,"column":14},"end":{"line":58,"column":16}}],"line":56},"8":{"loc":{"start":{"line":86,"column":8},"end":{"line":86,"column":26}},"type":"if","locations":[{"start":{"line":86,"column":8},"end":{"line":86,"column":26}},{"start":{},"end":{}}],"line":86},"9":{"loc":{"start":{"line":108,"column":10},"end":{"line":110,"column":15}},"type":"cond-expr","locations":[{"start":{"line":109,"column":14},"end":{"line":109,"column":60}},{"start":{"line":110,"column":14},"end":{"line":110,"column":15}}],"line":108}},"s":{"0":2,"1":2,"2":2,"3":0,"4":0,"5":0,"6":0,"7":0,"8":0,"9":2,"10":2,"11":2,"12":0,"13":2,"14":2,"15":2,"16":2,"17":2,"18":2,"19":0,"20":2,"21":2,"22":2,"23":0,"24":0,"25":0,"26":0,"27":2,"28":3},"f":{"0":2,"1":0,"2":2,"3":2,"4":0,"5":0,"6":2,"7":3},"b":{"0":[0,0],"1":[0,0],"2":[0,0],"3":[2],"4":[2],"5":[0,2],"6":[2,0],"7":[0,2],"8":[0,2],"9":[0,0]},"_coverageSchema":"1a1c01bbd47fc00a2c39e90264f33305004495a9","hash":"a310891cdd2b917c06a0102afc20093f3f390ca8"}
,"/Users/oscargomez/Desktop/Proyect-stt-front/src/utils/calculations.js": {"path":"/Users/oscargomez/Desktop/Proyect-stt-front/src/utils/calculations.js","statementMap":{"0":{"start":{"line":6,"column":30},"end":{"line":9,"column":1}},"1":{"start":{"line":8,"column":2},"end":{"line":8,"column":53}},"2":{"start":{"line":16,"column":47},"end":{"line":19,"column":1}},"3":{"start":{"line":18,"column":2},"end":{"line":18,"column":41}},"4":{"start":{"line":27,"column":33},"end":{"line":33,"column":1}},"5":{"start":{"line":28,"column":26},"end":{"line":28,"column":75}},"6":{"start":{"line":29,"column":23},"end":{"line":29,"column":68}},"7":{"start":{"line":30,"column":21},"end":{"line":30,"column":49}},"8":{"start":{"line":31,"column":20},"end":{"line":31,"column":50}},"9":{"start":{"line":32,"column":2},"end":{"line":32,"column":68}}},"fnMap":{"0":{"name":"(anonymous_0)","decl":{"start":{"line":6,"column":30},"end":{"line":6,"column":31}},"loc":{"start":{"line":6,"column":46},"end":{"line":9,"column":1}},"line":6},"1":{"name":"(anonymous_1)","decl":{"start":{"line":16,"column":47},"end":{"line":16,"column":48}},"loc":{"start":{"line":16,"column":65},"end":{"line":19,"column":1}},"line":16},"2":{"name":"(anonymous_2)","decl":{"start":{"line":27,"column":33},"end":{"line":27,"column":34}},"loc":{"start":{"line":27,"column":63},"end":{"line":33,"column":1}},"line":27}},"branchMap":{},"s":{"0":2,"1":2,"2":2,"3":0,"4":2,"5":0,"6":0,"7":0,"8":0,"9":0},"f":{"0":2,"1":0,"2":0},"b":{},"_coverageSchema":"1a1c01bbd47fc00a2c39e90264f33305004495a9","hash":"f13592834d108b8378c5a706bf0a365aa9bdea77"}
,"/Users/oscargomez/Desktop/Proyect-stt-front/src/utils/constants.js": {"path":"/Users/oscargomez/Desktop/Proyect-stt-front/src/utils/constants.js","statementMap":{"0":{"start":{"line":6,"column":23},"end":{"line":10,"column":1}},"1":{"start":{"line":13,"column":38},"end":{"line":18,"column":1}},"2":{"start":{"line":21,"column":28},"end":{"line":26,"column":1}},"3":{"start":{"line":29,"column":34},"end":{"line":33,"column":1}},"4":{"start":{"line":64,"column":26},"end":{"line":70,"column":1}},"5":{"start":{"line":73,"column":28},"end":{"line":77,"column":1}}},"fnMap":{},"branchMap":{"0":{"loc":{"start":{"line":67,"column":12},"end":{"line":69,"column":34}},"type":"cond-expr","locations":[{"start":{"line":68,"column":6},"end":{"line":68,"column":33}},{"start":{"line":69,"column":6},"end":{"line":69,"column":34}}],"line":67},"1":{"loc":{"start":{"line":67,"column":13},"end":{"line":67,"column":54}},"type":"binary-expr","locations":[{"start":{"line":67,"column":13},"end":{"line":67,"column":43}},{"start":{"line":67,"column":47},"end":{"line":67,"column":54}}],"line":67}},"s":{"0":2,"1":2,"2":2,"3":2,"4":2,"5":2},"f":{},"b":{"0":[0,2],"1":[2,0]},"_coverageSchema":"1a1c01bbd47fc00a2c39e90264f33305004495a9","hash":"73ac5af971c1ffbcedd8fb2b33b823da08311dc2"}
,"/Users/oscargomez/Desktop/Proyect-stt-front/src/utils/dateHelpers.js": {"path":"/Users/oscargomez/Desktop/Proyect-stt-front/src/utils/dateHelpers.js","statementMap":{"0":{"start":{"line":5,"column":30},"end":{"line":7,"column":1}},"1":{"start":{"line":6,"column":2},"end":{"line":6,"column":34}},"2":{"start":{"line":14,"column":23},"end":{"line":18,"column":1}},"3":{"start":{"line":15,"column":15},"end":{"line":15,"column":35}},"4":{"start":{"line":16,"column":16},"end":{"line":16,"column":26}},"5":{"start":{"line":17,"column":2},"end":{"line":17,"column":54}},"6":{"start":{"line":26,"column":25},"end":{"line":30,"column":1}},"7":{"start":{"line":27,"column":13},"end":{"line":27,"column":28}},"8":{"start":{"line":28,"column":13},"end":{"line":28,"column":28}},"9":{"start":{"line":29,"column":2},"end":{"line":29,"column":49}},"10":{"start":{"line":38,"column":33},"end":{"line":44,"column":1}},"11":{"start":{"line":39,"column":13},"end":{"line":39,"column":28}},"12":{"start":{"line":40,"column":13},"end":{"line":40,"column":28}},"13":{"start":{"line":41,"column":19},"end":{"line":41,"column":36}},"14":{"start":{"line":42,"column":19},"end":{"line":42,"column":62}},"15":{"start":{"line":43,"column":2},"end":{"line":43,"column":18}}},"fnMap":{"0":{"name":"(anonymous_0)","decl":{"start":{"line":5,"column":30},"end":{"line":5,"column":31}},"loc":{"start":{"line":5,"column":36},"end":{"line":7,"column":1}},"line":5},"1":{"name":"(anonymous_1)","decl":{"start":{"line":14,"column":23},"end":{"line":14,"column":24}},"loc":{"start":{"line":14,"column":39},"end":{"line":18,"column":1}},"line":14},"2":{"name":"(anonymous_2)","decl":{"start":{"line":26,"column":25},"end":{"line":26,"column":26}},"loc":{"start":{"line":26,"column":43},"end":{"line":30,"column":1}},"line":26},"3":{"name":"(anonymous_3)","decl":{"start":{"line":38,"column":33},"end":{"line":38,"column":34}},"loc":{"start":{"line":38,"column":51},"end":{"line":44,"column":1}},"line":38}},"branchMap":{},"s":{"0":2,"1":0,"2":2,"3":0,"4":0,"5":0,"6":2,"7":0,"8":0,"9":0,"10":2,"11":0,"12":0,"13":0,"14":0,"15":0},"f":{"0":0,"1":0,"2":0,"3":0},"b":{},"_coverageSchema":"1a1c01bbd47fc00a2c39e90264f33305004495a9","hash":"cd65c6d4f8822c1d76f726411095bf5e80cfb91e"}
}
