TN:
SF:src/data/mockAchievements.js
FNF:0
FNH:0
DA:1,2
LF:1
LH:1
BRF:0
BRH:0
end_of_record
TN:
SF:src/data/mockRoutes.js
FNF:0
FNH:0
DA:1,2
LF:1
LH:1
BRF:0
BRH:0
end_of_record
TN:
SF:src/data/mockUsers.js
FNF:0
FNH:0
DA:1,2
LF:1
LH:1
BRF:0
BRH:0
end_of_record
TN:
SF:src/services/mockAPI.js
FN:28,(anonymous_0)
FN:37,(anonymous_1)
FN:38,(anonymous_2)
FN:49,(anonymous_3)
FN:52,(anonymous_4)
FN:66,(anonymous_5)
FN:84,(anonymous_6)
FN:94,(anonymous_7)
FNF:8
FNH:8
FNDA:2,(anonymous_0)
FNDA:6,(anonymous_1)
FNDA:6,(anonymous_2)
FNDA:3,(anonymous_3)
FNDA:3,(anonymous_4)
FNDA:1,(anonymous_5)
FNDA:1,(anonymous_6)
FNDA:1,(anonymous_7)
DA:29,2
DA:38,6
DA:39,6
DA:50,3
DA:52,3
DA:53,3
DA:54,0
DA:57,3
DA:67,1
DA:70,1
DA:85,1
DA:87,1
DA:95,1
DA:97,1
LF:14
LH:13
BRDA:53,0,0,0
BRDA:53,0,1,3
BRDA:73,1,0,1
BRDA:73,1,1,0
BRF:4
BRH:2
end_of_record
TN:
SF:src/services/storageService.js
FN:10,(anonymous_0)
FN:20,(anonymous_1)
FN:36,(anonymous_2)
FN:52,(anonymous_3)
FN:66,(anonymous_4)
FN:80,(anonymous_5)
FN:83,(anonymous_6)
FNF:7
FNH:7
FNDA:20,(anonymous_0)
FNDA:9,(anonymous_1)
FNDA:9,(anonymous_2)
FNDA:2,(anonymous_3)
FNDA:9,(anonymous_4)
FNDA:10,(anonymous_5)
FNDA:9,(anonymous_6)
DA:3,2
DA:11,20
DA:21,9
DA:22,9
DA:23,9
DA:24,9
DA:26,0
DA:27,0
DA:37,9
DA:38,9
DA:39,9
DA:40,9
DA:42,0
DA:43,0
DA:53,2
DA:54,2
DA:55,2
DA:57,0
DA:58,0
DA:67,9
DA:68,9
DA:69,9
DA:71,0
DA:72,0
DA:81,10
DA:82,10
DA:83,10
DA:85,0
DA:86,0
LF:29
LH:19
BRDA:40,0,0,4
BRDA:40,0,1,5
BRF:2
BRH:2
end_of_record
TN:
SF:src/stores/gameStore.js
FN:12,(anonymous_0)
FN:20,(anonymous_1)
FN:47,(anonymous_2)
FN:83,(anonymous_3)
FN:104,(anonymous_4)
FN:107,(anonymous_5)
FN:120,(anonymous_6)
FN:127,(anonymous_7)
FNF:8
FNH:5
FNDA:2,(anonymous_0)
FNDA:0,(anonymous_1)
FNDA:2,(anonymous_2)
FNDA:2,(anonymous_3)
FNDA:0,(anonymous_4)
FNDA:0,(anonymous_5)
FNDA:2,(anonymous_6)
FNDA:3,(anonymous_7)
DA:5,2
DA:12,2
DA:21,0
DA:23,0
DA:25,0
DA:26,0
DA:28,0
DA:48,2
DA:49,2
DA:52,2
DA:53,0
DA:56,2
DA:59,2
DA:60,2
DA:63,2
DA:84,2
DA:86,2
DA:88,2
DA:89,2
DA:91,2
DA:105,0
DA:107,0
DA:108,0
DA:113,0
DA:121,2
DA:128,3
LF:26
LH:16
BRDA:23,0,0,0
BRDA:23,0,1,0
BRDA:23,1,0,0
BRDA:23,1,1,0
BRDA:25,2,0,0
BRDA:25,2,1,0
BRDA:47,3,0,2
BRDA:47,4,0,2
BRDA:52,5,0,0
BRDA:52,5,1,2
BRDA:52,6,0,2
BRDA:52,6,1,0
BRDA:56,7,0,0
BRDA:56,7,1,2
BRDA:86,8,0,0
BRDA:86,8,1,2
BRDA:108,9,0,0
BRDA:108,9,1,0
BRF:18
BRH:6
end_of_record
TN:
SF:src/utils/calculations.js
FN:6,(anonymous_0)
FN:16,(anonymous_1)
FN:27,(anonymous_2)
FNF:3
FNH:1
FNDA:2,(anonymous_0)
FNDA:0,(anonymous_1)
FNDA:0,(anonymous_2)
DA:6,2
DA:8,2
DA:16,2
DA:18,0
DA:27,2
DA:28,0
DA:29,0
DA:30,0
DA:31,0
DA:32,0
LF:10
LH:4
BRF:0
BRH:0
end_of_record
TN:
SF:src/utils/constants.js
FNF:0
FNH:0
DA:6,2
DA:13,2
DA:21,2
DA:29,2
DA:64,2
DA:73,2
LF:6
LH:6
BRDA:67,0,0,0
BRDA:67,0,1,2
BRDA:67,1,0,2
BRDA:67,1,1,0
BRF:4
BRH:2
end_of_record
TN:
SF:src/utils/dateHelpers.js
FN:5,(anonymous_0)
FN:14,(anonymous_1)
FN:26,(anonymous_2)
FN:38,(anonymous_3)
FNF:4
FNH:0
FNDA:0,(anonymous_0)
FNDA:0,(anonymous_1)
FNDA:0,(anonymous_2)
FNDA:0,(anonymous_3)
DA:5,2
DA:6,0
DA:14,2
DA:15,0
DA:16,0
DA:17,0
DA:26,2
DA:27,0
DA:28,0
DA:29,0
DA:38,2
DA:39,0
DA:40,0
DA:41,0
DA:42,0
DA:43,0
LF:16
LH:4
BRF:0
BRH:0
end_of_record
